global.ptshape=9

global.ptsize_min=0.50
global.ptsize_max=1
global.ptsize_incr=0
global.ptsize_wiggle=0

global.ptxscale=1
global.ptyscale=1

global.ptang_min=0
global.ptang_max=0
global.ptang_incr=0
global.ptang_wiggle=0
global.ptang_relative=0

global.ptdir_min=0
global.ptdir_max=360
global.ptdir_incr=0
global.ptdir_wiggle=0

global.ptspeed_min=1
global.ptspeed_max=2
global.ptspeed_incr=-0.10
global.ptspeed_wiggle=0

global.ptgrav_amount=0
global.ptgrav_dir=270

global.ptcolor1=16777215
global.ptcolor2=16777215
global.ptcolor3=12632256

global.ptalpha1=1
global.ptalpha2=0
global.ptalpha3=1

global.ptadditive=1

global.ptlife_min=10
global.ptlife_max=20

global.ptnumber=1

global.ptemit=1
global.ptcoord=0
global.ptx=370
global.pty=348

global.emtype=3
global.emwidth=96
global.emheight=96
