global.ptshape=9

global.ptsize_min=0.83
global.ptsize_max=1.11
global.ptsize_incr=-0.12
global.ptsize_wiggle=0.90

global.ptxscale=1
global.ptyscale=1

global.ptang_min=185.24
global.ptang_max=207.71
global.ptang_incr=16.95
global.ptang_wiggle=17.65
global.ptang_relative=0

global.ptdir_min=85.17
global.ptdir_max=325.85
global.ptdir_incr=-12.66
global.ptdir_wiggle=16.48

global.ptspeed_min=0.29
global.ptspeed_max=0.95
global.ptspeed_incr=-0.41
global.ptspeed_wiggle=1.01

global.ptgrav_amount=0
global.ptgrav_dir=256.80

global.ptcolor1=16777215
global.ptcolor2=12632256
global.ptcolor3=16777215

global.ptalpha1=0.08
global.ptalpha2=0.38
global.ptalpha3=0.81

global.ptadditive=1

global.ptlife_min=1.69
global.ptlife_max=21.82

global.ptnumber=5

global.ptemit=1
global.ptcoord=0
global.ptx=400
global.pty=300

global.emtype=2
global.emwidth=139.35
global.emheight=73.68
