global.ptshape=7

global.ptsize_min=0.10
global.ptsize_max=0.30
global.ptsize_incr=0.03
global.ptsize_wiggle=0.67

global.ptxscale=0.46
global.ptyscale=0.68

global.ptang_min=0
global.ptang_max=360
global.ptang_incr=2.54
global.ptang_wiggle=0
global.ptang_relative=0

global.ptdir_min=0
global.ptdir_max=360
global.ptdir_incr=0
global.ptdir_wiggle=17.90

global.ptspeed_min=1
global.ptspeed_max=10
global.ptspeed_incr=-0.40
global.ptspeed_wiggle=0

global.ptgrav_amount=0
global.ptgrav_dir=0

global.ptcolor1=255
global.ptcolor2=215
global.ptcolor3=128

global.ptalpha1=1
global.ptalpha2=0.80
global.ptalpha3=0.60

global.ptadditive=1

global.ptlife_min=10
global.ptlife_max=20

global.ptnumber=2

global.ptemit=1
global.ptcoord=0
global.ptx=400
global.pty=300

global.emtype=1
global.emwidth=106
global.emheight=78.58
